This file contains any messages produced by compilers while
running configure, to aid debugging if configure makes a mistake.

It was created by Tramp configure 2.1.9, which was
generated by GNU Autoconf 2.60.  Invocation command line was

  $ ./configure 

## --------- ##
## Platform. ##
## --------- ##

hostname = kakrafoon
uname -m = i686
uname -r = 2.6.25-ARCH
uname -s = Linux
uname -v = #1 SMP PREEMPT Mon Jul 14 15:25:51 UTC 2008

/usr/bin/uname -p = unknown
/bin/uname -X     = unknown

/bin/arch              = i686
/usr/bin/arch -k       = unknown
/usr/convex/getsysinfo = unknown
/usr/bin/hostinfo      = unknown
/bin/machine           = unknown
/usr/bin/oslevel       = unknown
/bin/universe          = unknown

PATH: /usr/bin
PATH: /bin
PATH: /usr/bin
PATH: /sbin
PATH: /usr/sbin
PATH: /usr/local/bin
PATH: /usr/local/sbin
PATH: /opt/java/jre/bin
PATH: /opt/kde/bin
PATH: /usr/bin/perlbin/site
PATH: /usr/bin/perlbin/vendor
PATH: /usr/bin/perlbin/core
PATH: /opt/plan9/bin
PATH: /opt/qt/bin
PATH: /home/burke/bin
PATH: /usr/local/bin
PATH: /opt/local/bin


## ----------- ##
## Core tests. ##
## ----------- ##

configure:1638: Tramp 2.1.9
configure:1651: checking for gmake
configure:1681: result: no
configure:1651: checking for make
configure:1667: found /usr/bin/make
configure:1678: result: make
configure:1696: checking for reasonable make version
configure:1699: result: ok
configure:1709: checking whether make sets $(MAKE)
configure:1730: result: yes
configure:1812: checking for emacs
configure:1829: found /usr/bin/emacs
configure:1841: result: yes
configure:1856: checking for emacs flavor
emacs --no-site-file -batch -eval (let ((x (if (featurep 'xemacs) "yes" "no"))) (write-region (if (stringp x) (princ x) (prin1-to-string x)) nil "./conftest-18192"))
=> no
configure:1903: result: emacs
configure:1907: checking for emacs gateway support
emacs --no-site-file -batch -eval (let ((x (if (functionp 'make-network-process) "yes" "no"))) (write-region (if (stringp x) (princ x) (prin1-to-string x)) nil "./conftest-18192"))
=> yes
configure:1950: result: yes
configure:1965: checking for emacs version
emacs --no-site-file -batch -eval (let ((x (if (or (< emacs-major-version 21)	(and (featurep 'xemacs)	     (< emacs-minor-version 4)))    (format "Tramp 2.1.9 is not fit for %s"	    (when (string-match "^.*$" (emacs-version))	      (match-string 0 (emacs-version))))    "ok"))) (write-region (if (stringp x) (princ x) (prin1-to-string x)) nil "./conftest-18192"))
=> ok
configure:2008: result: ok
configure:2026: checking for base64.el
emacs --no-site-file -batch -eval (let ((x (progn (load "base64.el" t) (fboundp 'base64-encode-region)))) (write-region (if (stringp x) (princ x) (prin1-to-string x)) nil "./conftest-18192"))
=> t
configure:2111: result: ok
configure:2119: checking for format-spec.el
emacs --no-site-file -batch -eval (let ((x (progn (load "format-spec.el" t) (fboundp 'format-spec)))) (write-region (if (stringp x) (princ x) (prin1-to-string x)) nil "./conftest-18192"))
Loading /usr/share/emacs/23.0.60/lisp/format-spec.el.gz...
uncompressing format-spec.el.gz...
uncompressing format-spec.el.gz...done
=> t
configure:2204: result: ok
configure:2212: checking for md5.el
emacs --no-site-file -batch -eval (let ((x (progn (load "md5.el" t) (fboundp 'md5)))) (write-region (if (stringp x) (princ x) (prin1-to-string x)) nil "./conftest-18192"))
=> t
configure:2297: result: ok
configure:2305: checking for password.el
emacs --no-site-file -batch -eval (let ((x (progn (load "password.el" t) (fboundp 'password-cache-add)))) (write-region (if (stringp x) (princ x) (prin1-to-string x)) nil "./conftest-18192"))
=> nil
configure:2386: result: skipped
configure:2398: checking for uudecode.el
emacs --no-site-file -batch -eval (let ((x (progn (load "uudecode.el" t) (fboundp 'uudecode-decode-region)))) (write-region (if (stringp x) (princ x) (prin1-to-string x)) nil "./conftest-18192"))
Loading /usr/share/emacs/23.0.60/lisp/mail/uudecode.el.gz...
uncompressing uudecode.el.gz...
uncompressing uudecode.el.gz...done
=> t
configure:2483: result: ok
configure:2492: checking for socks.el
emacs --no-site-file -batch -eval (let ((x (progn (load "socks.el" t) (fboundp 'socks-open-network-stream)))) (write-region (if (stringp x) (princ x) (prin1-to-string x)) nil "./conftest-18192"))
Loading /usr/share/emacs/23.0.60/lisp/net/socks.el.gz...
uncompressing socks.el.gz...
uncompressing socks.el.gz...done
=> t
configure:2577: result: ok
configure:2681: checking for run-at-time.el
emacs --no-site-file -batch -eval (let ((x (progn (load "run-at-time.el" t) (fboundp 'run-at-time)))) (write-region (if (stringp x) (princ x) (prin1-to-string x)) nil "./conftest-18192"))
=> t
configure:2766: result: ok
configure:2777: checking for makeinfo
configure:2793: found /usr/bin/makeinfo
configure:2805: result: makeinfo
configure:2819: checking for reasonable makeinfo version
configure:2823: result: ok
configure:2837: checking for texi2dvi
configure:2853: found /usr/bin/texi2dvi
configure:2865: result: texi2dvi
configure:2877: checking for reasonable texi2dvi version
configure:2882: result: ok
configure:2899: checking for install-info
configure:2915: found /usr/bin/install-info
configure:2926: result: install-info
configure:2989: checking for installation chapter
configure:2998: result: yes
configure:3008: checking for japanese manual
configure:3017: result: no
configure:3025: checking prefix 
configure:3033: result: /usr/local
configure:3036: checking datadir
configure:3051: result: ${prefix}/share
configure:3060: checking lispdir
configure:3069: result: ${datadir}/emacs/site-lisp
configure:3074: checking infodir
configure:3101: result: ${prefix}/share/info
configure:3118: checking for ftp-upload
configure:3146: result: no
configure:3303: creating ./config.status

## ---------------------- ##
## Running config.status. ##
## ---------------------- ##

This file was extended by Tramp config.status 2.1.9, which was
generated by GNU Autoconf 2.60.  Invocation command line was

  CONFIG_FILES    = 
  CONFIG_HEADERS  = 
  CONFIG_LINKS    = 
  CONFIG_COMMANDS = 
  $ ./config.status 

on kakrafoon

config.status:573: creating Makefile
config.status:573: creating contrib/Makefile
config.status:704: WARNING:  contrib/Makefile.in seems to ignore the --datarootdir setting
config.status:573: creating lisp/Makefile
config.status:704: WARNING:  lisp/Makefile.in seems to ignore the --datarootdir setting
config.status:573: creating lisp/trampver.el
config.status:573: creating texi/Makefile
config.status:704: WARNING:  texi/Makefile.in seems to ignore the --datarootdir setting
config.status:573: creating texi/trampver.texi

## ---------------- ##
## Cache variables. ##
## ---------------- ##

EMACS_cv_SYS_base64_encode_region=t
EMACS_cv_SYS_emacs_version=ok
EMACS_cv_SYS_format_spec=t
EMACS_cv_SYS_gatewayp=yes
EMACS_cv_SYS_md5=t
EMACS_cv_SYS_password_cache_add=nil
EMACS_cv_SYS_run_at_time=t
EMACS_cv_SYS_socks_open_network_stream=t
EMACS_cv_SYS_uudecode_decode_region=t
EMACS_cv_SYS_xemacsp=no
ac_cv_env_build_alias_set=
ac_cv_env_build_alias_value=
ac_cv_env_host_alias_set=
ac_cv_env_host_alias_value=
ac_cv_env_target_alias_set=
ac_cv_env_target_alias_value=
ac_cv_prog_EMACS_test_emacs=yes
ac_cv_prog_FTP_UPLOAD=no
ac_cv_prog_INSTALL_INFO=install-info
ac_cv_prog_MAKE=make
ac_cv_prog_MAKEINFO=makeinfo
ac_cv_prog_TEXI2DVI=texi2dvi
ac_cv_prog_make_make_set=yes

## ----------------- ##
## Output variables. ##
## ----------------- ##

DEFS='-DPACKAGE_NAME=\"Tramp\" -DPACKAGE_TARNAME=\"tramp\" -DPACKAGE_VERSION=\"2.1.9\" -DPACKAGE_STRING=\"Tramp\ 2.1.9\" -DPACKAGE_BUGREPORT=\"tramp-devel@gnu.org\"'
ECHO_C=''
ECHO_N='-n'
ECHO_T=''
EMACS='emacs'
EMACS_GW='yes'
EMACS_INFO='emacs'
EMACS_test_emacs='yes'
FTP_UPLOAD='no'
INSTALL_CHAPTER='yes'
INSTALL_INFO='install-info'
JA_MANUAL='no'
LIBOBJS=''
LIBS=''
LTLIBOBJS=''
MAKE='make'
MAKEINFO='makeinfo'
PACKAGE_BUGREPORT='tramp-devel@gnu.org'
PACKAGE_NAME='Tramp'
PACKAGE_STRING='Tramp 2.1.9'
PACKAGE_TARNAME='tramp'
PACKAGE_VERSION='2.1.9'
PATH_SEPARATOR=':'
SET_MAKE=''
SHELL='/bin/sh'
TEXI2DVI='texi2dvi'
TRAMP_CLEAN_FILES='.\\\#* \\\#* .*~ *~ *.aux *.cp *.cps *.diff *.dvi *.elc *.fn *.fns *.html *.info *.ky *.log *.pg *.tmp *.toc *.tp *.vr *.vrs'
TRAMP_CONFIG_FILES='Makefile contrib/Makefile lisp/Makefile lisp/trampver.el texi/Makefile texi/trampver.texi'
TRAMP_CONTRIB_FILES=''
TRAMP_EMACS_MERGE_VERSION='2.0.44'
TRAMP_EMACS_VERSION_CHECK='(if (or (< emacs-major-version 21)	(and (featurep '\''xemacs)	     (< emacs-minor-version 4)))    (format "Tramp 2.1.9 is not fit for %s"	    (when (string-match "^.*$" (emacs-version))	      (match-string 0 (emacs-version))))    "ok")'
bindir='${exec_prefix}/bin'
build_alias=''
datadir='${prefix}/share'
datadir_default='${prefix}/share'
datarootdir='${prefix}/share'
docdir='${datarootdir}/doc/${PACKAGE_TARNAME}'
dvidir='${docdir}'
exec_prefix='${prefix}'
host_alias=''
htmldir='${docdir}'
includedir='${prefix}/include'
infodir='${prefix}/share/info'
infodir_default='/usr/local/info'
libdir='${exec_prefix}/lib'
libexecdir='${exec_prefix}/libexec'
lispdir='${datadir}/emacs/site-lisp'
lispdir_default='/usr/local/share/emacs/site-lisp'
localedir='${datarootdir}/locale'
localstatedir='${prefix}/var'
mandir='${datarootdir}/man'
oldincludedir='/usr/include'
pdfdir='${docdir}'
prefix='/usr/local'
prefix_default='/usr/local'
program_transform_name='s,x,x,'
psdir='${docdir}'
sbindir='${exec_prefix}/sbin'
sharedstatedir='${prefix}/com'
sysconfdir='${prefix}/etc'
target_alias=''

## ----------- ##
## confdefs.h. ##
## ----------- ##

#define PACKAGE_NAME "Tramp"
#define PACKAGE_TARNAME "tramp"
#define PACKAGE_VERSION "2.1.9"
#define PACKAGE_STRING "Tramp 2.1.9"
#define PACKAGE_BUGREPORT "tramp-devel@gnu.org"

configure: exit 0
